<?xml version="1.0" encoding="UTF-8"?>
<robot generator="Robot 3.2.2 (Python 3.9.1 on darwin)" generated="20210609 10:51:33.457" rpa="false">
<suite id="s1" name="andraAntalPersoner" source="/Users/jonnahagberg/PycharmProjects/TIPT1/Robot_TIPT1/Tests/andraAntalPersoner.robot">
<test id="s1-t1" name="Ändra antal personer">
<kw name="Begin Web Test" library="keywords_general" type="setup">
<kw name="Open Browser" library="SeleniumLibrary">
<doc>Opens a new browser instance to the optional ``url``.</doc>
<arguments>
<arg>about:blank</arg>
<arg>${BROWSER}</arg>
</arguments>
<msg timestamp="20210609 10:51:33.642" level="INFO">Opening browser 'chrome' to base url 'about:blank'.</msg>
<status status="PASS" starttime="20210609 10:51:33.642" endtime="20210609 10:51:36.700"></status>
</kw>
<kw name="Maximize Browser Window" library="SeleniumLibrary">
<doc>Maximizes current browser window.</doc>
<status status="PASS" starttime="20210609 10:51:36.700" endtime="20210609 10:51:36.956"></status>
</kw>
<kw name="Set Selenium Timeout" library="SeleniumLibrary">
<doc>Sets the timeout that is used by various keywords.</doc>
<arguments>
<arg>10</arg>
</arguments>
<status status="PASS" starttime="20210609 10:51:36.956" endtime="20210609 10:51:36.959"></status>
</kw>
<status status="PASS" starttime="20210609 10:51:33.641" endtime="20210609 10:51:36.959"></status>
</kw>
<kw name="Go to Web Page" library="keywords_general">
<kw name="Load Page" library="keywords_general">
<kw name="Go To" library="SeleniumLibrary">
<doc>Navigates the current browser window to the provided ``url``.</doc>
<arguments>
<arg>${URL_HOMEPAGE}</arg>
</arguments>
<msg timestamp="20210609 10:51:36.963" level="INFO">Opening url 'http://app.matglad.nu/#/startview'</msg>
<status status="PASS" starttime="20210609 10:51:36.962" endtime="20210609 10:51:39.246"></status>
</kw>
<status status="PASS" starttime="20210609 10:51:36.961" endtime="20210609 10:51:39.246"></status>
</kw>
<kw name="Verify Page Loaded" library="keywords_general">
<kw name="Get Title" library="SeleniumLibrary">
<doc>Returns the title of the current page.</doc>
<assign>
<var>${LINK_TEXT}</var>
</assign>
<msg timestamp="20210609 10:51:39.252" level="INFO">${LINK_TEXT} = Matglad</msg>
<status status="PASS" starttime="20210609 10:51:39.247" endtime="20210609 10:51:39.253"></status>
</kw>
<kw name="Should Be Equal" library="BuiltIn">
<doc>Fails if the given objects are unequal.</doc>
<arguments>
<arg>${LINK_TEXT}</arg>
<arg>Matglad</arg>
</arguments>
<status status="PASS" starttime="20210609 10:51:39.253" endtime="20210609 10:51:39.253"></status>
</kw>
<kw name="Page Should Contain" library="SeleniumLibrary">
<doc>Verifies that current page contains ``text``.</doc>
<arguments>
<arg>Matglad</arg>
</arguments>
<msg timestamp="20210609 10:51:39.272" level="INFO">Current page contains text 'Matglad'.</msg>
<status status="PASS" starttime="20210609 10:51:39.253" endtime="20210609 10:51:39.272"></status>
</kw>
<status status="PASS" starttime="20210609 10:51:39.246" endtime="20210609 10:51:39.272"></status>
</kw>
<status status="PASS" starttime="20210609 10:51:36.960" endtime="20210609 10:51:39.272"></status>
</kw>
<kw name="Go to Inställningar" library="keywords_installningar">
<kw name="Set Selenium Speed" library="SeleniumLibrary">
<doc>Sets the delay that is waited after each Selenium command.</doc>
<arguments>
<arg>0.2</arg>
</arguments>
<status status="PASS" starttime="20210609 10:51:39.275" endtime="20210609 10:51:39.276"></status>
</kw>
<kw name="Click Element" library="SeleniumLibrary">
<doc>Click the element identified by ``locator``.</doc>
<arguments>
<arg>id:settings-btn</arg>
</arguments>
<msg timestamp="20210609 10:51:39.276" level="INFO">Clicking element 'id:settings-btn'.</msg>
<status status="PASS" starttime="20210609 10:51:39.276" endtime="20210609 10:51:39.726"></status>
</kw>
<kw name="Wait Until Page Contains" library="SeleniumLibrary">
<doc>Waits until ``text`` appears on the current page.</doc>
<arguments>
<arg>${INSTALLNINGAR_SIDA}</arg>
</arguments>
<status status="PASS" starttime="20210609 10:51:39.727" endtime="20210609 10:51:39.939"></status>
</kw>
<status status="PASS" starttime="20210609 10:51:39.273" endtime="20210609 10:51:39.940"></status>
</kw>
<kw name="Verify on Inställningar" library="keywords_installningar">
<kw name="Page Should Contain" library="SeleniumLibrary">
<doc>Verifies that current page contains ``text``.</doc>
<arguments>
<arg>${INSTALLNINGAR_SIDA}</arg>
</arguments>
<msg timestamp="20210609 10:51:40.354" level="INFO">Current page contains text 'Mina inställningar'.</msg>
<status status="PASS" starttime="20210609 10:51:39.941" endtime="20210609 10:51:40.355"></status>
</kw>
<status status="PASS" starttime="20210609 10:51:39.940" endtime="20210609 10:51:40.355"></status>
</kw>
<kw name="Verify default-värde är 2 personer" library="keywords_installningar">
<kw name="Page Should Contain Element" library="SeleniumLibrary">
<doc>Verifies that element ``locator`` is found on the current page.</doc>
<arguments>
<arg>xpath://*[@id="portions-men"]/li[1]</arg>
</arguments>
<msg timestamp="20210609 10:51:40.567" level="INFO">Current page contains element 'xpath://*[@id="portions-men"]/li[1]'.</msg>
<status status="PASS" starttime="20210609 10:51:40.356" endtime="20210609 10:51:40.567"></status>
</kw>
<kw name="Page Should Contain Element" library="SeleniumLibrary">
<doc>Verifies that element ``locator`` is found on the current page.</doc>
<arguments>
<arg>xpath://*[@id="portions-men"]/li[2]</arg>
</arguments>
<msg timestamp="20210609 10:51:40.782" level="INFO">Current page contains element 'xpath://*[@id="portions-men"]/li[2]'.</msg>
<status status="PASS" starttime="20210609 10:51:40.568" endtime="20210609 10:51:40.782"></status>
</kw>
<kw name="Page Should Not Contain Element" library="SeleniumLibrary">
<doc>Verifies that element ``locator`` is not found on the current page.</doc>
<arguments>
<arg>xpath://*[@id="portions-men"]/li[3]</arg>
</arguments>
<msg timestamp="20210609 10:51:40.995" level="INFO">Current page does not contain element 'xpath://*[@id="portions-men"]/li[3]'.</msg>
<status status="PASS" starttime="20210609 10:51:40.783" endtime="20210609 10:51:40.996"></status>
</kw>
<kw name="Page Should Not Contain Element" library="SeleniumLibrary">
<doc>Verifies that element ``locator`` is not found on the current page.</doc>
<arguments>
<arg>xpath://*[@id="portions-men"]/li[4]</arg>
</arguments>
<msg timestamp="20210609 10:51:41.211" level="INFO">Current page does not contain element 'xpath://*[@id="portions-men"]/li[4]'.</msg>
<status status="PASS" starttime="20210609 10:51:40.996" endtime="20210609 10:51:41.212"></status>
</kw>
<status status="PASS" starttime="20210609 10:51:40.355" endtime="20210609 10:51:41.212"></status>
</kw>
<kw name="End Web Test" library="keywords_general" type="teardown">
<kw name="Close Browser" library="SeleniumLibrary">
<doc>Closes the current browser.</doc>
<status status="PASS" starttime="20210609 10:51:41.213" endtime="20210609 10:51:41.491"></status>
</kw>
<status status="PASS" starttime="20210609 10:51:41.212" endtime="20210609 10:51:41.491"></status>
</kw>
<status status="PASS" starttime="20210609 10:51:33.641" endtime="20210609 10:51:41.491" critical="yes"></status>
</test>
<doc>Ändra antal personer i Inställningar</doc>
<status status="PASS" starttime="20210609 10:51:33.459" endtime="20210609 10:51:41.493"></status>
</suite>
<statistics>
<total>
<stat pass="1" fail="0">Critical Tests</stat>
<stat pass="1" fail="0">All Tests</stat>
</total>
<tag>
</tag>
<suite>
<stat pass="1" fail="0" id="s1" name="andraAntalPersoner">andraAntalPersoner</stat>
</suite>
</statistics>
<errors>
</errors>
</robot>
